
Fold 1:
accuracy: 0.8844339622641509
precision: 0.729607250755287
recall: 0.6083123425692695

Fold 2:
accuracy: 0.8783018867924528
precision: 0.7106741573033708
recall: 0.6200980392156863

Fold 3:
accuracy: 0.8728473696626563
precision: 0.6904761904761905
recall: 0.5321100917431193

Fold 4:
accuracy: 0.8660061335220571
precision: 0.699825479930192
recall: 0.5031367628607277

Fold 5:
accuracy: 0.8860580325548478
precision: 0.7279102384291725
recall: 0.6423267326732673

Fold 6:
accuracy: 0.8834630809153102
precision: 0.7231222385861561
recall: 0.616060225846926

Fold 7:
accuracy: 0.8697806086341118
precision: 0.6802721088435374
recall: 0.5235602094240838

Fold 8:
accuracy: 0.869308799245105
precision: 0.697508896797153
recall: 0.5051546391752577

Fold 9:
accuracy: 0.8785090823307384
precision: 0.708838821490468
recall: 0.541005291005291

Fold 10:
accuracy: 0.8799245104977589
precision: 0.7026627218934911
recall: 0.6066411238825032

considering ['occurrences', 'layoutRelationDataList'], got final result: 
accuracy:87.69
precision:70.71
recall:56.98
f1:63.11
considering ['occurrences'], got final result: 
accuracy:90.71
precision:72.7
recall:79.81
f1:76.09
considering ['occurrences', 'astNodeNumber'], got final result: 
accuracy:91.82
precision:79.6
recall:75.11
f1:77.29
considering ['occurrences', 'charLength'], got final result: 
accuracy:88.36
precision:75.88
recall:54.47
f1:63.42
considering ['astNodeNumber'], got final result: 
accuracy:81.47
precision:0.0
recall:0.0
f1:nan
considering ['occurrences', 'astNodeNumber'], got final result: 
accuracy:90.36
precision:91.48
recall:89.01
f1:90.23
considering ['occurrences'], got final result: 
accuracy:90.42
precision:83.92
recall:100.0
f1:91.26
Sample number: 15708
considering ['occurrences', 'layoutRelationDataList'], got final result: 
accuracy:89.04
precision:85.37
recall:94.24
f1:89.59
Sample number: 15708
considering ['occurrences', 'charLength'], got final result: 
accuracy:87.33
precision:89.36
recall:85.54
f1:87.41
Sample number: 15708
considering ['occurrences', 'astHeight'], got final result: 
accuracy:90.27
precision:91.77
recall:88.44
f1:90.07
Sample number: 15708
considering ['occurrences', 'astHeight', 'astNodeNumber'], got final result: 
accuracy:98.92
precision:98.63
recall:99.22
f1:98.92
Sample number: 15708
model is DecisionTree, considering ['occurrences', 'astHeight'], got final result: 
accuracy:93.65
precision:91.63
recall:96.07
f1:93.8
Sample number: 15708
model is SVM, considering ['occurrences', 'astHeight', 'astNodeNumber'], got final result: 
accuracy:90.93
precision:91.6
recall:90.11
f1:90.85
Sample number: 15708
model is DecisionTree, considering ['occurrences', 'astHeight', 'astNodeNumber'], here are final results: 
accuracy:98.92
precision:98.63
recall:99.22
f1:98.92
Sample number: 15708
model is DecisionTree, considering ['occurrences', 'astHeight', 'astNodeNumber'], here are final results: 
accuracy:98.92
precision:98.63
recall:99.22
f1:98.92
Sample number: 15708
model is DecisionTree, considering ['occurrences', 'astHeight', 'astNodeNumber'], here are final results: 
accuracy:98.92
precision:98.63
recall:99.22
f1:98.92
Sample number: 15708
Sample number: 15708
model is DecisionTree, considering ['occurrences', 'astHeight', 'astNodeNumber'], here are final results: 
accuracy:98.93
precision:98.63
recall:99.23
f1:98.93
Sample number: 15708
model is SVM, considering ['occurrences', 'astHeight', 'astNodeNumber'], here are final results: 
accuracy:90.63
precision:90.45
recall:90.83
f1:90.64
